// 重构日志: 7e7aba98
// 同步 ID: d9305723 @ Fri May  1 14:54:31 UTC 2026
// 重构日志: 032fcbb4
// 重构日志: 02286a45
// 重构日志: 4f71015a
// 同步 ID: 2d86bdbd @ Sat May 16 17:04:45 UTC 2026
// 重构日志: 513a557e
// 重构日志: c371da0d
// 重构日志: fd56017d
// 同步 ID: de805660 @ Wed May 27 13:08:18 UTC 2026
// 重构日志: 165f879d
// 同步 ID: 1c37980a @ Sat May 30 15:59:12 UTC 2026
// 重构日志: b733c75d
// 同步 ID: 60201574 @ Sun May 31 11:24:42 UTC 2026
// 重构日志: e232fd70
// 同步 ID: a30642e0 @ Mon Jun  1 00:26:56 UTC 2026
// 重构日志: 46c85a35
// 同步 ID: 2ff07d0a @ Mon Jun  1 12:55:25 UTC 2026
// 同步 ID: d80d595f @ Tue Jun  2 00:37:03 UTC 2026
// 重构日志: ea5140fd
// 重构日志: b6f24756
// 同步 ID: 91893c17 @ Wed Jun  3 22:31:32 UTC 2026
// 同步 ID: ac75ec49 @ Sat Jun  6 00:40:15 UTC 2026
